{"/home/carlosg/Documentos/tests/bank-app/api/adapters/index.tsx": {"path":"/home/carlosg/Documentos/tests/bank-app/api/adapters/index.tsx","statementMap":{"0":{"start":{"line":4,"column":0},"end":{"line":4,"column":19}},"1":{"start":{"line":6,"column":42},"end":{"line":19,"column":1}},"2":{"start":{"line":9,"column":2},"end":{"line":18,"column":5}},"3":{"start":{"line":10,"column":4},"end":{"line":17,"column":6}}},"fnMap":{"0":{"name":"(anonymous_0)","decl":{"start":{"line":6,"column":42},"end":{"line":6,"column":43}},"loc":{"start":{"line":8,"column":23},"end":{"line":19,"column":1}},"line":8},"1":{"name":"(anonymous_1)","decl":{"start":{"line":9,"column":23},"end":{"line":9,"column":24}},"loc":{"start":{"line":9,"column":37},"end":{"line":18,"column":3}},"line":9}},"branchMap":{},"s":{"0":1,"1":1,"2":1,"3":1},"f":{"0":1,"1":1},"b":{},"_coverageSchema":"1a1c01bbd47fc00a2c39e90264f33305004495a9","hash":"7b5ca0821dc80af59c646a2d6de6f686e8320a2f"}
,"/home/carlosg/Documentos/tests/bank-app/api/resolvers/index.tsx": {"path":"/home/carlosg/Documentos/tests/bank-app/api/resolvers/index.tsx","statementMap":{"0":{"start":{"line":4,"column":28},"end":{"line":12,"column":1}},"1":{"start":{"line":5,"column":19},"end":{"line":5,"column":46}},"2":{"start":{"line":6,"column":2},"end":{"line":8,"column":3}},"3":{"start":{"line":7,"column":4},"end":{"line":7,"column":48}},"4":{"start":{"line":9,"column":20},"end":{"line":9,"column":41}},"5":{"start":{"line":10,"column":27},"end":{"line":10,"column":64}},"6":{"start":{"line":11,"column":2},"end":{"line":11,"column":26}}},"fnMap":{"0":{"name":"(anonymous_0)","decl":{"start":{"line":4,"column":28},"end":{"line":4,"column":29}},"loc":{"start":{"line":4,"column":40},"end":{"line":12,"column":1}},"line":4}},"branchMap":{"0":{"loc":{"start":{"line":6,"column":2},"end":{"line":8,"column":3}},"type":"if","locations":[{"start":{"line":6,"column":2},"end":{"line":8,"column":3}},{"start":{},"end":{}}],"line":6}},"s":{"0":1,"1":1,"2":1,"3":0,"4":1,"5":1,"6":1},"f":{"0":1},"b":{"0":[0,1]},"_coverageSchema":"1a1c01bbd47fc00a2c39e90264f33305004495a9","hash":"58befaca30d4edd378915523dc4a857464072a78"}
,"/home/carlosg/Documentos/tests/bank-app/api/services/index.tsx": {"path":"/home/carlosg/Documentos/tests/bank-app/api/services/index.tsx","statementMap":{"0":{"start":{"line":3,"column":35},"end":{"line":3,"column":55}},"1":{"start":{"line":3,"column":41},"end":{"line":3,"column":55}}},"fnMap":{"0":{"name":"(anonymous_0)","decl":{"start":{"line":3,"column":35},"end":{"line":3,"column":36}},"loc":{"start":{"line":3,"column":41},"end":{"line":3,"column":55}},"line":3}},"branchMap":{},"s":{"0":1,"1":1},"f":{"0":1},"b":{},"_coverageSchema":"1a1c01bbd47fc00a2c39e90264f33305004495a9","hash":"467815874c63a27f914338b14d80b45f76c61b3a"}
,"/home/carlosg/Documentos/tests/bank-app/components/Button/index.tsx": {"path":"/home/carlosg/Documentos/tests/bank-app/components/Button/index.tsx","statementMap":{"0":{"start":{"line":5,"column":15},"end":{"line":13,"column":1}},"1":{"start":{"line":6,"column":2},"end":{"line":12,"column":4}},"2":{"start":{"line":15,"column":15},"end":{"line":22,"column":2}}},"fnMap":{"0":{"name":"(anonymous_0)","decl":{"start":{"line":5,"column":15},"end":{"line":5,"column":16}},"loc":{"start":{"line":5,"column":39},"end":{"line":13,"column":1}},"line":5}},"branchMap":{},"s":{"0":1,"1":3,"2":1},"f":{"0":3},"b":{},"_coverageSchema":"1a1c01bbd47fc00a2c39e90264f33305004495a9","hash":"59e5daa1cdb274113ae937c22d604a1597c32507"}
,"/home/carlosg/Documentos/tests/bank-app/components/Text/index.tsx": {"path":"/home/carlosg/Documentos/tests/bank-app/components/Text/index.tsx","statementMap":{"0":{"start":{"line":12,"column":34},"end":{"line":46,"column":1}},"1":{"start":{"line":20,"column":20},"end":{"line":20,"column":76}},"2":{"start":{"line":20,"column":38},"end":{"line":20,"column":76}},"3":{"start":{"line":22,"column":21},"end":{"line":31,"column":3}},"4":{"start":{"line":23,"column":4},"end":{"line":30,"column":5}},"5":{"start":{"line":25,"column":8},"end":{"line":25,"column":25}},"6":{"start":{"line":27,"column":8},"end":{"line":27,"column":22}},"7":{"start":{"line":29,"column":8},"end":{"line":29,"column":25}},"8":{"start":{"line":32,"column":2},"end":{"line":45,"column":4}}},"fnMap":{"0":{"name":"(anonymous_0)","decl":{"start":{"line":12,"column":34},"end":{"line":12,"column":35}},"loc":{"start":{"line":19,"column":6},"end":{"line":46,"column":1}},"line":19},"1":{"name":"(anonymous_1)","decl":{"start":{"line":20,"column":20},"end":{"line":20,"column":21}},"loc":{"start":{"line":20,"column":38},"end":{"line":20,"column":76}},"line":20},"2":{"name":"(anonymous_2)","decl":{"start":{"line":22,"column":21},"end":{"line":22,"column":22}},"loc":{"start":{"line":22,"column":61},"end":{"line":31,"column":3}},"line":22}},"branchMap":{"0":{"loc":{"start":{"line":14,"column":2},"end":{"line":14,"column":20}},"type":"default-arg","locations":[{"start":{"line":14,"column":11},"end":{"line":14,"column":20}}],"line":14},"1":{"loc":{"start":{"line":15,"column":2},"end":{"line":15,"column":11}},"type":"default-arg","locations":[{"start":{"line":15,"column":9},"end":{"line":15,"column":11}}],"line":15},"2":{"loc":{"start":{"line":16,"column":2},"end":{"line":16,"column":17}},"type":"default-arg","locations":[{"start":{"line":16,"column":10},"end":{"line":16,"column":17}}],"line":16},"3":{"loc":{"start":{"line":17,"column":2},"end":{"line":17,"column":20}},"type":"default-arg","locations":[{"start":{"line":17,"column":14},"end":{"line":17,"column":20}}],"line":17},"4":{"loc":{"start":{"line":23,"column":4},"end":{"line":30,"column":5}},"type":"switch","locations":[{"start":{"line":24,"column":6},"end":{"line":25,"column":25}},{"start":{"line":26,"column":6},"end":{"line":27,"column":22}},{"start":{"line":28,"column":6},"end":{"line":29,"column":25}}],"line":23},"5":{"loc":{"start":{"line":39,"column":19},"end":{"line":39,"column":51}},"type":"cond-expr","locations":[{"start":{"line":39,"column":31},"end":{"line":39,"column":40}},{"start":{"line":39,"column":43},"end":{"line":39,"column":51}}],"line":39}},"s":{"0":2,"1":9,"2":9,"3":9,"4":9,"5":5,"6":4,"7":0,"8":9},"f":{"0":9,"1":9,"2":9},"b":{"0":[4],"1":[5],"2":[6],"3":[5],"4":[5,4,0],"5":[9,0]},"_coverageSchema":"1a1c01bbd47fc00a2c39e90264f33305004495a9","hash":"1c7bc38bcac4f52a119948a0fc62133dc57e38e1"}
,"/home/carlosg/Documentos/tests/bank-app/constants/Colors.ts": {"path":"/home/carlosg/Documentos/tests/bank-app/constants/Colors.ts","statementMap":{"0":{"start":{"line":1,"column":15},"end":{"line":8,"column":1}}},"fnMap":{},"branchMap":{},"s":{"0":1},"f":{},"b":{},"_coverageSchema":"1a1c01bbd47fc00a2c39e90264f33305004495a9","hash":"baf8a09f4efcb850ad989976b0f0f74820968e5c"}
,"/home/carlosg/Documentos/tests/bank-app/constants/EnvVars.ts": {"path":"/home/carlosg/Documentos/tests/bank-app/constants/EnvVars.ts","statementMap":{"0":{"start":{"line":2,"column":2},"end":{"line":2,"column":63}}},"fnMap":{},"branchMap":{},"s":{"0":1},"f":{},"b":{},"_coverageSchema":"1a1c01bbd47fc00a2c39e90264f33305004495a9","hash":"46c70dd9368ab0d84feae1826dfaeec8b0deb2c7"}
}
