TN:
SF:api/adapters/index.tsx
FN:6,(anonymous_0)
FN:9,(anonymous_1)
FNF:2
FNH:2
FNDA:1,(anonymous_0)
FNDA:1,(anonymous_1)
DA:4,1
DA:6,1
DA:9,1
DA:10,1
LF:4
LH:4
BRF:0
BRH:0
end_of_record
TN:
SF:api/resolvers/index.tsx
FN:4,(anonymous_0)
FNF:1
FNH:1
FNDA:1,(anonymous_0)
DA:4,1
DA:5,1
DA:6,1
DA:7,0
DA:9,1
DA:10,1
DA:11,1
LF:7
LH:6
BRDA:6,0,0,0
BRDA:6,0,1,1
BRF:2
BRH:1
end_of_record
TN:
SF:api/services/index.tsx
FN:3,(anonymous_0)
FNF:1
FNH:1
FNDA:1,(anonymous_0)
DA:3,1
LF:1
LH:1
BRF:0
BRH:0
end_of_record
TN:
SF:components/Button/index.tsx
FN:5,(anonymous_0)
FNF:1
FNH:1
FNDA:3,(anonymous_0)
DA:5,1
DA:6,3
DA:15,1
LF:3
LH:3
BRF:0
BRH:0
end_of_record
TN:
SF:components/Text/index.tsx
FN:12,(anonymous_0)
FN:20,(anonymous_1)
FN:22,(anonymous_2)
FNF:3
FNH:3
FNDA:9,(anonymous_0)
FNDA:9,(anonymous_1)
FNDA:9,(anonymous_2)
DA:12,2
DA:20,9
DA:22,9
DA:23,9
DA:25,5
DA:27,4
DA:29,0
DA:32,9
LF:8
LH:7
BRDA:14,0,0,4
BRDA:15,1,0,5
BRDA:16,2,0,6
BRDA:17,3,0,5
BRDA:23,4,0,5
BRDA:23,4,1,4
BRDA:23,4,2,0
BRDA:39,5,0,9
BRDA:39,5,1,0
BRF:9
BRH:7
end_of_record
TN:
SF:constants/Colors.ts
FNF:0
FNH:0
DA:1,1
LF:1
LH:1
BRF:0
BRH:0
end_of_record
TN:
SF:constants/EnvVars.ts
FNF:0
FNH:0
DA:2,1
LF:1
LH:1
BRF:0
BRH:0
end_of_record
